<?xml version="1.0" encoding="UTF-8"?>
<!-- Generated by org.testng.reporters.JUnitReportReporter -->
<testsuite hostname="Jays-MacBook-Pro.local" failures="0" tests="5" name="week5.day2.LearnInvocation" time="0.031" errors="0" timestamp="2023-03-26T14:43:09 GST" skipped="0">
  <testcase classname="week5.day2.LearnInvocation" name="create" time="0.002"/>
  <system-out/>
  <testcase classname="week5.day2.LearnInvocation" name="create" time="0.013"/>
  <system-out/>
  <testcase classname="week5.day2.LearnInvocation" name="edit" time="0.001"/>
  <system-out/>
  <testcase classname="week5.day2.LearnInvocation" name="delete" time="0.002"/>
  <system-out/>
  <testcase classname="week5.day2.LearnInvocation" name="create" time="0.013"/>
  <system-out/>
</testsuite> <!-- week5.day2.LearnInvocation -->
