<?xml version="1.0" encoding="UTF-8"?>
<!-- Generated by org.testng.reporters.JUnitReportReporter -->
<testsuite hostname="Jays-MacBook-Pro.local" failures="0" tests="3" name="testNG.DependanicesManagment" time="0.012" errors="0" timestamp="2023-05-30T12:16:11 GST" skipped="0">
  <testcase classname="testNG.DependanicesManagment" name="College" time="0.001"/>
  <system-out/>
  <testcase classname="testNG.DependanicesManagment" name="HighSecSchool" time="0.001"/>
  <system-out/>
  <testcase classname="testNG.DependanicesManagment" name="HighSchool" time="0.010"/>
  <system-out/>
</testsuite> <!-- testNG.DependanicesManagment -->
