<?xml version="1.0" encoding="UTF-8"?>
<!-- Generated by org.testng.reporters.JUnitReportReporter -->
<testsuite hostname="Jays-MacBook-Pro.local" failures="0" tests="1" name="week4.day1.LearnFrame" time="42.369" errors="0" timestamp="2023-04-25T10:58:09 GST" skipped="0">
  <testcase classname="week4.day1.LearnFrame" name="frame1" time="42.369"/>
  <system-out/>
</testsuite> <!-- week4.day1.LearnFrame -->
