<?xml version="1.0" encoding="UTF-8"?>
<!-- Generated by org.testng.reporters.JUnitReportReporter -->
<testsuite hostname="Jays-MacBook-Pro.local" failures="0" tests="5" name="testNG.DriveACar" time="0.015" errors="0" timestamp="2023-05-30T11:10:35 GST" skipped="0">
  <testcase classname="testNG.DriveACar" name="startTheCar" time="0.011"/>
  <system-out/>
  <testcase classname="testNG.DriveACar" name="firstGear" time="0.001"/>
  <system-out/>
  <testcase classname="testNG.DriveACar" name="SecondGear" time="0.001"/>
  <system-out/>
  <testcase classname="testNG.DriveACar" name="thirdGear" time="0.001"/>
  <system-out/>
  <testcase classname="testNG.DriveACar" name="fourthGear" time="0.001"/>
  <system-out/>
</testsuite> <!-- testNG.DriveACar -->
