<?xml version="1.0" encoding="UTF-8"?>
<!-- Generated by org.testng.reporters.JUnitReportReporter -->
<testsuite hostname="Jays-MacBook-Pro.local" failures="0" tests="1" name="testNG.firstTestNG" time="0.015" errors="0" timestamp="2023-05-30T10:56:17 GST" skipped="0">
  <testcase classname="testNG.firstTestNG" name="firstTestCase" time="0.015"/>
  <system-out/>
</testsuite> <!-- testNG.firstTestNG -->
