<?xml version="1.0" encoding="UTF-8"?>
<!-- Generated by org.testng.reporters.JUnitReportReporter -->
<testsuite hostname="Jays-MacBook-Pro.local" failures="0" tests="2" name="week5.day2.LearnEnabled" time="0.011" errors="0" timestamp="2023-03-26T14:09:02 GST" skipped="1">
  <testcase classname="week5.day2.LearnEnabled" name="dupilcateLead" time="0.011"/>
  <system-out/>
  <testcase classname="week5.day2.LearnEnabled" name="editLead">
    <skipped/>
  </testcase> <!-- editLead -->
  <system-out/>
</testsuite> <!-- week5.day2.LearnEnabled -->
