<?xml version="1.0" encoding="UTF-8"?>
<!-- Generated by org.testng.reporters.JUnitReportReporter -->
<testsuite hostname="Jays-MacBook-Pro.local" failures="0" tests="3" name="week5.day2.LearnPriority" time="0.020" errors="0" timestamp="2023-03-26T14:01:45 GST" skipped="0">
  <testcase classname="week5.day2.LearnPriority" name="closeBrowser" time="0.016"/>
  <system-out/>
  <testcase classname="week5.day2.LearnPriority" name="createAccount" time="0.002"/>
  <system-out/>
  <testcase classname="week5.day2.LearnPriority" name="openBrowser" time="0.002"/>
  <system-out/>
</testsuite> <!-- week5.day2.LearnPriority -->
