<?xml version="1.0" encoding="UTF-8"?>
<!-- Generated by org.testng.reporters.JUnitReportReporter -->
<testsuite hostname="Jays-MacBook-Pro.local" failures="0" tests="1" name="testcase.DeleteLead" time="19.638" errors="0" timestamp="2023-03-25T17:51:19 GST" skipped="0">
  <testcase classname="testcase.DeleteLead" name="deleteLead" time="19.638"/>
  <system-out/>
</testsuite> <!-- testcase.DeleteLead -->
